<?xml version="1.0" encoding="UTF-8"?>
<!-- Generated by org.testng.reporters.JUnitReportReporter -->
<testsuite hostname="RGCWP16JWC" failures="0" tests="3" name="TestNG" time="0.023" errors="0" timestamp="2024-10-29T19:40:46 WIB" skipped="0">
  <testcase classname="TestNG" name="Test3" time="0.007"/>
  <system-out/>
  <testcase classname="TestNG" name="Test2" time="0.008"/>
  <system-out/>
  <testcase classname="TestNG" name="Test1" time="0.008"/>
  <system-out/>
</testsuite> <!-- TestNG -->
