<?xml version="1.0" encoding="UTF-8"?>
<!-- Generated by org.testng.reporters.JUnitReportReporter -->
<testsuite hostname="RGCWP16JWC" failures="0" tests="2" name="RestAssuredTest" time="1.658" errors="0" timestamp="2024-10-29T20:14:25 WIB" skipped="0">
  <testcase classname="RestAssuredTest" name="GetPhotoParams" time="0.829"/>
  <system-out/>
  <testcase classname="RestAssuredTest" name="GetPhoto" time="0.829"/>
  <system-out/>
</testsuite> <!-- RestAssuredTest -->
